2024-09-30T04:27:49.557Z [error]: Component Error:
2024-09-30T05:56:41.456Z [error]: Component Error:
2024-09-30T06:04:02.439Z [error]: Component Error:
2024-09-30T07:16:22.745Z [error]: Component Error:
2024-09-30T07:16:42.799Z [error]: Component Error:
2024-09-30T07:47:48.960Z [error]: Component Error:
{"level":"error","message":"Unhandled Error Invalid request or response type","service":"user-service","stack":"Error: Invalid request or response type\n    at /Users/oleksiydzhos/Documents/personal/test-helper/pages/api/projects/[projectId]/test-runs/index.ts:59:11\n    at handler (/Users/oleksiydzhos/Documents/personal/test-helper/lib/withMiddleware.ts:26:13)\n    at processTicksAndRejections (node:internal/process/task_queues:96:5)\n    at Object.<anonymous> (/Users/oleksiydzhos/Documents/personal/test-helper/__tests__/api/testRuns.test.ts:25:5)"}
{"level":"error","message":"Unhandled Error Invalid request or response type","service":"user-service","stack":"Error: Invalid request or response type\n    at /Users/oleksiydzhos/Documents/personal/test-helper/pages/api/projects/[projectId]/test-runs/index.ts:59:11\n    at handler (/Users/oleksiydzhos/Documents/personal/test-helper/lib/withMiddleware.ts:26:13)\n    at processTicksAndRejections (node:internal/process/task_queues:96:5)\n    at Object.<anonymous> (/Users/oleksiydzhos/Documents/personal/test-helper/__tests__/api/testRuns.test.ts:39:5)"}
{"level":"error","message":"Unhandled Error Invalid request or response type","service":"user-service","stack":"Error: Invalid request or response type\n    at /Users/oleksiydzhos/Documents/personal/test-helper/pages/api/projects/[projectId]/test-runs/index.ts:59:11\n    at handler (/Users/oleksiydzhos/Documents/personal/test-helper/lib/withMiddleware.ts:26:13)\n    at processTicksAndRejections (node:internal/process/task_queues:96:5)\n    at Object.<anonymous> (/Users/oleksiydzhos/Documents/personal/test-helper/__tests__/api/testRuns.test.ts:25:5)"}
{"level":"error","message":"Unhandled Error Invalid request or response type","service":"user-service","stack":"Error: Invalid request or response type\n    at /Users/oleksiydzhos/Documents/personal/test-helper/pages/api/projects/[projectId]/test-runs/index.ts:59:11\n    at handler (/Users/oleksiydzhos/Documents/personal/test-helper/lib/withMiddleware.ts:26:13)\n    at processTicksAndRejections (node:internal/process/task_queues:96:5)\n    at Object.<anonymous> (/Users/oleksiydzhos/Documents/personal/test-helper/__tests__/api/testRuns.test.ts:39:5)"}
{"level":"error","message":"Unhandled Error Invalid request or response type","service":"user-service","stack":"Error: Invalid request or response type\n    at /Users/oleksiydzhos/Documents/personal/test-helper/pages/api/projects/[projectId]/test-runs/index.ts:59:11\n    at handler (/Users/oleksiydzhos/Documents/personal/test-helper/lib/withMiddleware.ts:26:13)\n    at processTicksAndRejections (node:internal/process/task_queues:96:5)\n    at Object.<anonymous> (/Users/oleksiydzhos/Documents/personal/test-helper/__tests__/api/testRuns.test.ts:25:5)"}
{"level":"error","message":"Unhandled Error Invalid request or response type","service":"user-service","stack":"Error: Invalid request or response type\n    at /Users/oleksiydzhos/Documents/personal/test-helper/pages/api/projects/[projectId]/test-runs/index.ts:59:11\n    at handler (/Users/oleksiydzhos/Documents/personal/test-helper/lib/withMiddleware.ts:26:13)\n    at processTicksAndRejections (node:internal/process/task_queues:96:5)\n    at Object.<anonymous> (/Users/oleksiydzhos/Documents/personal/test-helper/__tests__/api/testRuns.test.ts:39:5)"}
{"level":"error","message":"Unhandled Error Invalid request or response type","service":"user-service","stack":"Error: Invalid request or response type\n    at /Users/oleksiydzhos/Documents/personal/test-helper/pages/api/projects/[projectId]/test-runs/index.ts:59:11\n    at handler (/Users/oleksiydzhos/Documents/personal/test-helper/lib/withMiddleware.ts:26:13)\n    at processTicksAndRejections (node:internal/process/task_queues:96:5)\n    at Object.<anonymous> (/Users/oleksiydzhos/Documents/personal/test-helper/__tests__/api/testRuns.test.ts:25:5)"}
{"level":"error","message":"Unhandled Error Invalid request or response type","service":"user-service","stack":"Error: Invalid request or response type\n    at /Users/oleksiydzhos/Documents/personal/test-helper/pages/api/projects/[projectId]/test-runs/index.ts:59:11\n    at handler (/Users/oleksiydzhos/Documents/personal/test-helper/lib/withMiddleware.ts:26:13)\n    at processTicksAndRejections (node:internal/process/task_queues:96:5)\n    at Object.<anonymous> (/Users/oleksiydzhos/Documents/personal/test-helper/__tests__/api/testRuns.test.ts:39:5)"}
{"level":"error","message":"Unhandled Error Invalid request or response type","service":"user-service","stack":"Error: Invalid request or response type\n    at /Users/oleksiydzhos/Documents/personal/test-helper/pages/api/projects/[projectId]/test-runs/index.ts:59:11\n    at handler (/Users/oleksiydzhos/Documents/personal/test-helper/lib/withMiddleware.ts:26:13)\n    at processTicksAndRejections (node:internal/process/task_queues:96:5)\n    at Object.<anonymous> (/Users/oleksiydzhos/Documents/personal/test-helper/__tests__/api/testRuns.test.ts:25:5)"}
{"level":"error","message":"Unhandled Error Invalid request or response type","service":"user-service","stack":"Error: Invalid request or response type\n    at /Users/oleksiydzhos/Documents/personal/test-helper/pages/api/projects/[projectId]/test-runs/index.ts:59:11\n    at handler (/Users/oleksiydzhos/Documents/personal/test-helper/lib/withMiddleware.ts:26:13)\n    at processTicksAndRejections (node:internal/process/task_queues:96:5)\n    at Object.<anonymous> (/Users/oleksiydzhos/Documents/personal/test-helper/__tests__/api/testRuns.test.ts:39:5)"}
{"level":"error","message":"Unhandled Error Invalid request or response type","service":"user-service","stack":"Error: Invalid request or response type\n    at /Users/oleksiydzhos/Documents/personal/test-helper/pages/api/projects/[projectId]/test-runs/index.ts:59:11\n    at handler (/Users/oleksiydzhos/Documents/personal/test-helper/lib/withMiddleware.ts:26:13)\n    at processTicksAndRejections (node:internal/process/task_queues:96:5)\n    at Object.<anonymous> (/Users/oleksiydzhos/Documents/personal/test-helper/__tests__/api/testRuns.test.ts:25:5)"}
{"level":"error","message":"Unhandled Error Invalid request or response type","service":"user-service","stack":"Error: Invalid request or response type\n    at /Users/oleksiydzhos/Documents/personal/test-helper/pages/api/projects/[projectId]/test-runs/index.ts:59:11\n    at handler (/Users/oleksiydzhos/Documents/personal/test-helper/lib/withMiddleware.ts:26:13)\n    at processTicksAndRejections (node:internal/process/task_queues:96:5)\n    at Object.<anonymous> (/Users/oleksiydzhos/Documents/personal/test-helper/__tests__/api/testRuns.test.ts:39:5)"}
{"level":"error","message":"API Error:","service":"user-service"}
{"level":"error","message":"API Error:","service":"user-service"}
{"level":"error","message":"API Error:","service":"user-service"}
{"level":"error","message":"API Error:","service":"user-service"}
{"data":{"description":"","name":"11","userId":"1"},"error":{"clientVersion":"5.20.0","name":"PrismaClientValidationError"},"level":"error","message":"Error creating project:","service":"test-management-app"}
{"error":{"clientVersion":"5.20.0","name":"PrismaClientValidationError"},"level":"error","message":"Error fetching test runs:","projectId":"undefined","service":"test-management-app"}
{"error":{"clientVersion":"5.20.0","name":"PrismaClientValidationError"},"level":"error","message":"Error fetching test runs:","projectId":"undefined","service":"test-management-app"}
{"error":{"clientVersion":"5.20.0","name":"PrismaClientValidationError"},"level":"error","message":"Error fetching test runs:","projectId":"cm200w7ru00012i0yjmuvtmez","service":"test-management-app"}
{"error":{"clientVersion":"5.20.0","name":"PrismaClientValidationError"},"level":"error","message":"Error fetching test runs:","projectId":"cm200w7ru00012i0yjmuvtmez","service":"test-management-app"}
{"error":{"clientVersion":"5.20.0","name":"PrismaClientValidationError"},"level":"error","message":"Error fetching test runs:","projectId":"cm200w7ru00012i0yjmuvtmez","service":"test-management-app"}
{"error":{"clientVersion":"5.20.0","name":"PrismaClientValidationError"},"level":"error","message":"Error fetching test runs:","projectId":"cm200w7ru00012i0yjmuvtmez","service":"test-management-app"}
